2024-10-23T10:15:18.861Z [INFO]: Generating unique filename. {"filename":"1729678518858-887433185-YoxazVerse"}
2024-10-23T10:15:18.866Z [INFO]: Setting upload destination. {"uploadPath":"Z:\\Project\\Web Developing\\Works\\Backend\\Activity_Tracking\\activity-tracking-backend\\uploads\\"}
2024-10-23T10:15:19.102Z [INFO]: File uploaded successfully. {"fileId":"6718ccb63698b366d3390385","filePath":"projects-projectId123\\activities-activityId456\\timesheets-timesheetId789\\1729678518858-887433185-YoxazVerse"}
2024-10-23T10:16:17.271Z [INFO]: Generating unique filename. {"filename":"1729678577270-988679070-Jacob"}
2024-10-23T10:16:17.272Z [INFO]: Setting upload destination. {"uploadPath":"Z:\\Project\\Web Developing\\Works\\Backend\\Activity_Tracking\\activity-tracking-backend\\uploads\\"}
2024-10-23T10:16:17.382Z [INFO]: File uploaded successfully. {"fileId":"6718ccf13698b366d339038c","filePath":"projects-projectId123\\activities-activityId456\\timesheets-timesheetId789\\1729678577270-988679070-Jacob"}
2024-10-23T10:22:45.576Z [INFO]: Generating unique filename. {"filename":"1729678965576-330997859-Jacob"}
2024-10-23T10:22:45.577Z [INFO]: Setting upload destination. {"uploadPath":"Z:\\Project\\Web Developing\\Works\\Backend\\Activity_Tracking\\activity-tracking-backend\\uploads\\"}
2024-10-23T10:22:45.757Z [INFO]: Generating unique filename. {"filename":"1729678965757-125572269-Jacob"}
2024-10-23T10:22:45.759Z [INFO]: Setting upload destination. {"uploadPath":"Z:\\Project\\Web Developing\\Works\\Backend\\Activity_Tracking\\activity-tracking-backend\\uploads\\"}
2024-10-23T10:22:46.076Z [INFO]: Generating unique filename. {"filename":"1729678966076-736598346-Jacob"}
2024-10-23T10:22:46.077Z [INFO]: Setting upload destination. {"uploadPath":"Z:\\Project\\Web Developing\\Works\\Backend\\Activity_Tracking\\activity-tracking-backend\\uploads\\"}
2024-10-23T10:22:46.697Z [INFO]: Generating unique filename. {"filename":"1729678966697-817161119-Jacob"}
2024-10-23T10:22:46.699Z [INFO]: Setting upload destination. {"uploadPath":"Z:\\Project\\Web Developing\\Works\\Backend\\Activity_Tracking\\activity-tracking-backend\\uploads\\"}
2024-10-23T10:23:20.298Z [INFO]: Generating unique filename. {"filename":"1729679000298-910532298-sasas"}
2024-10-23T10:23:20.301Z [INFO]: Setting upload destination. {"uploadPath":"Z:\\Project\\Web Developing\\Works\\Backend\\Activity_Tracking\\activity-tracking-backend\\uploads\\"}
2024-10-23T10:23:20.476Z [INFO]: Generating unique filename. {"filename":"1729679000476-410013594-sasas"}
2024-10-23T10:23:20.477Z [INFO]: Setting upload destination. {"uploadPath":"Z:\\Project\\Web Developing\\Works\\Backend\\Activity_Tracking\\activity-tracking-backend\\uploads\\"}
2024-10-23T10:23:20.798Z [INFO]: Generating unique filename. {"filename":"1729679000798-57849831-sasas"}
2024-10-23T10:23:20.799Z [INFO]: Setting upload destination. {"uploadPath":"Z:\\Project\\Web Developing\\Works\\Backend\\Activity_Tracking\\activity-tracking-backend\\uploads\\"}
2024-10-23T10:23:21.424Z [INFO]: Generating unique filename. {"filename":"1729679001423-467727550-sasas"}
2024-10-23T10:23:21.424Z [INFO]: Setting upload destination. {"uploadPath":"Z:\\Project\\Web Developing\\Works\\Backend\\Activity_Tracking\\activity-tracking-backend\\uploads\\"}
2024-10-23T10:23:43.699Z [INFO]: Generating unique filename. {"filename":"1729679023698-65851976-sasas"}
2024-10-23T10:23:43.700Z [INFO]: Setting upload destination. {"uploadPath":"Z:\\Project\\Web Developing\\Works\\Backend\\Activity_Tracking\\activity-tracking-backend\\uploads\\"}
2024-10-23T10:23:43.875Z [INFO]: Generating unique filename. {"filename":"1729679023875-89729362-sasas"}
2024-10-23T10:23:43.876Z [INFO]: Setting upload destination. {"uploadPath":"Z:\\Project\\Web Developing\\Works\\Backend\\Activity_Tracking\\activity-tracking-backend\\uploads\\"}
2024-10-23T10:23:44.194Z [INFO]: Generating unique filename. {"filename":"1729679024194-396919655-sasas"}
2024-10-23T10:23:44.195Z [INFO]: Setting upload destination. {"uploadPath":"Z:\\Project\\Web Developing\\Works\\Backend\\Activity_Tracking\\activity-tracking-backend\\uploads\\"}
2024-10-23T10:23:44.814Z [INFO]: Generating unique filename. {"filename":"1729679024814-111023239-sasas"}
2024-10-23T10:23:44.815Z [INFO]: Setting upload destination. {"uploadPath":"Z:\\Project\\Web Developing\\Works\\Backend\\Activity_Tracking\\activity-tracking-backend\\uploads\\"}
2024-10-23T12:23:36.524Z [INFO]: MongoDB Connected: italy-activity-shard-00-00.kk3db.mongodb.net 
2024-10-23T12:26:32.702Z [INFO]: MongoDB Connected: italy-activity-shard-00-00.kk3db.mongodb.net 
2024-10-23T12:34:28.291Z [INFO]: MongoDB Connected: italy-activity-shard-00-01.kk3db.mongodb.net 
2024-10-23T12:55:21.447Z [INFO]: MongoDB Connected: italy-activity-shard-00-01.kk3db.mongodb.net 
2024-10-23T12:57:53.521Z [INFO]: MongoDB Connected: italy-activity-shard-00-00.kk3db.mongodb.net 
2024-10-23T13:09:46.360Z [INFO]: MongoDB Connected: italy-activity-shard-00-02.kk3db.mongodb.net 
2024-10-23T13:31:21.784Z [INFO]: MongoDB Connected: italy-activity-shard-00-00.kk3db.mongodb.net 
2024-10-23T13:35:01.415Z [ERROR]: Multer Error during multiple file upload. {"error":"\"BASE_URL\" is required"}
2024-10-23T13:35:28.003Z [ERROR]: Env Missing :  {"error":"\"BASE_URL\" is required"}
2024-10-23T13:36:22.665Z [ERROR]: MongoDB Connection Error: {"error":"Could not connect to any servers in your MongoDB Atlas cluster. One common reason is that you're trying to access the database from an IP that isn't whitelisted. Make sure your current IP address is on your Atlas cluster's IP whitelist: https://www.mongodb.com/docs/atlas/security-whitelist/"}
2024-10-23T13:37:53.355Z [INFO]: MongoDB Connected: italy-activity-shard-00-01.kk3db.mongodb.net 
2024-10-23T13:55:44.856Z [INFO]: MongoDB Connected: italy-activity-shard-00-02.kk3db.mongodb.net 
2024-10-23T13:59:09.510Z [INFO]: MongoDB Connected: italy-activity-shard-00-00.kk3db.mongodb.net 
2024-10-23T13:59:45.820Z [INFO]: MongoDB Connected: italy-activity-shard-00-00.kk3db.mongodb.net 
2024-10-23T14:00:10.052Z [INFO]: Setting dynamic upload destination. {"uploadPath":"Z:\\Project\\Web Developing\\Works\\Backend\\Activity_Tracking\\activity-tracking-backend\\uploads\\projects-projectId123\\activities-activityId456\\timesheets-timesheetId789"}
2024-10-23T14:00:10.056Z [INFO]: Generating unique filename. {"filename":"1729692010055-758744495-efdvs"}
2024-10-23T14:00:10.171Z [INFO]: Multiple files uploaded successfully. {"fileIds":["6719016a3a26ba239987cc37"]}
2024-10-23T17:41:38.386Z [ERROR]: unhandledRejection: getaddrinfo ENOTFOUND italy-activity-shard-00-00.kk3db.mongodb.net
MongoServerSelectionError: getaddrinfo ENOTFOUND italy-activity-shard-00-00.kk3db.mongodb.net
    at Topology.selectServer (Z:\Project\Web Developing\Works\Backend\Activity_Tracking\activity-tracking-backend\node_modules\mongodb\src\sdam\topology.ts:610:30)
    at async executeOperation (Z:\Project\Web Developing\Works\Backend\Activity_Tracking\activity-tracking-backend\node_modules\mongodb\src\operations\execute_operation.ts:155:18)
    at async Collection.insertOne (Z:\Project\Web Developing\Works\Backend\Activity_Tracking\activity-tracking-backend\node_modules\mongodb\src\collection.ts:269:12) {"error":{"reason":{"type":"ReplicaSetNoPrimary","servers":{"italy-activity-shard-00-00.kk3db.mongodb.net:27017":{"address":"italy-activity-shard-00-00.kk3db.mongodb.net:27017","type":"Unknown","hosts":[],"passives":[],"arbiters":[],"tags":{},"minWireVersion":0,"maxWireVersion":0,"roundTripTime":-1,"minRoundTripTime":0,"lastUpdateTime":867074473,"lastWriteDate":0,"error":{},"topologyVersion":null,"setName":null,"setVersion":null,"electionId":null,"logicalSessionTimeoutMinutes":null,"primary":null,"me":null,"$clusterTime":null},"italy-activity-shard-00-01.kk3db.mongodb.net:27017":{"address":"italy-activity-shard-00-01.kk3db.mongodb.net:27017","type":"Unknown","hosts":[],"passives":[],"arbiters":[],"tags":{},"minWireVersion":0,"maxWireVersion":0,"roundTripTime":-1,"minRoundTripTime":0,"lastUpdateTime":867074473,"lastWriteDate":0,"error":{},"topologyVersion":null,"setName":null,"setVersion":null,"electionId":null,"logicalSessionTimeoutMinutes":null,"primary":null,"me":null,"$clusterTime":null},"italy-activity-shard-00-02.kk3db.mongodb.net:27017":{"address":"italy-activity-shard-00-02.kk3db.mongodb.net:27017","type":"Unknown","hosts":[],"passives":[],"arbiters":[],"tags":{},"minWireVersion":0,"maxWireVersion":0,"roundTripTime":-1,"minRoundTripTime":0,"lastUpdateTime":867074473,"lastWriteDate":0,"error":{},"topologyVersion":null,"setName":null,"setVersion":null,"electionId":null,"logicalSessionTimeoutMinutes":null,"primary":null,"me":null,"$clusterTime":null}},"stale":false,"compatible":true,"heartbeatFrequencyMS":10000,"localThresholdMS":15,"setName":"atlas-iwwsbx-shard-0","maxElectionId":{"$oid":"7fffffff0000000000000008"},"maxSetVersion":1,"commonWireVersion":0,"logicalSessionTimeoutMinutes":null}},"stack":"MongoServerSelectionError: getaddrinfo ENOTFOUND italy-activity-shard-00-00.kk3db.mongodb.net\n    at Topology.selectServer (Z:\\Project\\Web Developing\\Works\\Backend\\Activity_Tracking\\activity-tracking-backend\\node_modules\\mongodb\\src\\sdam\\topology.ts:610:30)\n    at async executeOperation (Z:\\Project\\Web Developing\\Works\\Backend\\Activity_Tracking\\activity-tracking-backend\\node_modules\\mongodb\\src\\operations\\execute_operation.ts:155:18)\n    at async Collection.insertOne (Z:\\Project\\Web Developing\\Works\\Backend\\Activity_Tracking\\activity-tracking-backend\\node_modules\\mongodb\\src\\collection.ts:269:12)","rejection":true,"date":"Wed Oct 23 2024 23:11:38 GMT+0530 (India Standard Time)","process":{"pid":37108,"uid":null,"gid":null,"cwd":"Z:\\Project\\Web Developing\\Works\\Backend\\Activity_Tracking\\activity-tracking-backend","execPath":"C:\\Program Files\\nodejs\\node.exe","version":"v20.12.0","argv":["Z:\\Project\\Web Developing\\Works\\Backend\\Activity_Tracking\\activity-tracking-backend\\node_modules\\ts-node\\dist\\bin.js","Z:\\Project\\Web Developing\\Works\\Backend\\Activity_Tracking\\activity-tracking-backend\\src\\index.ts"],"memoryUsage":{"rss":109543424,"heapTotal":294051840,"heapUsed":286109384,"external":25998295,"arrayBuffers":22983065}},"os":{"loadavg":[0,0,0],"uptime":867041.937},"trace":[{"column":30,"file":"Z:\\Project\\Web Developing\\Works\\Backend\\Activity_Tracking\\activity-tracking-backend\\node_modules\\mongodb\\src\\sdam\\topology.ts","function":"Topology.selectServer","line":610,"method":"selectServer","native":false},{"column":18,"file":"Z:\\Project\\Web Developing\\Works\\Backend\\Activity_Tracking\\activity-tracking-backend\\node_modules\\mongodb\\src\\operations\\execute_operation.ts","function":"async executeOperation","line":155,"method":null,"native":false},{"column":12,"file":"Z:\\Project\\Web Developing\\Works\\Backend\\Activity_Tracking\\activity-tracking-backend\\node_modules\\mongodb\\src\\collection.ts","function":"async Collection.insertOne","line":269,"method":"insertOne","native":false}]}
2024-10-23T17:45:03.793Z [INFO]: MongoDB Connected: italy-activity-shard-00-01.kk3db.mongodb.net 
2024-10-23T17:46:15.351Z [INFO]: Setting dynamic upload destination. {"uploadPath":"Z:\\Project\\Web Developing\\Works\\Backend\\Activity_Tracking\\activity-tracking-backend\\uploads\\projects-projectId123\\activities-activityId456\\timesheets-timesheetId789"}
2024-10-23T17:46:15.353Z [INFO]: Generating unique filename. {"filename":"1729705575353-534639275-YoxazVerse"}
2024-10-23T17:46:15.440Z [INFO]: Multiple files uploaded successfully. {"fileIds":["671936676379d96363052370"]}
2024-10-23T17:55:29.743Z [ERROR]: MongoDB Connection Error: {"error":"connection timed out"}
2024-10-23T17:56:38.847Z [INFO]: MongoDB Connected: italy-activity-shard-00-01.kk3db.mongodb.net 
2024-10-23T17:58:48.674Z [INFO]: Setting dynamic upload destination. {"uploadPath":"Z:\\Project\\Web Developing\\Works\\Backend\\Activity_Tracking\\activity-tracking-backend\\uploads\\projects-projectId123\\activities-activityId456\\timesheets-timesheetId789"}
2024-10-23T17:58:48.678Z [INFO]: Generating unique filename. {"filename":"1729706328676-642417830-YoxazVersefdfd"}
2024-10-23T17:58:48.762Z [INFO]: Multiple files uploaded successfully. {"fileIds":["6719395828ba08542cab90cc"]}
2024-10-23T18:06:28.052Z [INFO]: MongoDB Connected: italy-activity-shard-00-02.kk3db.mongodb.net 
2024-10-23T19:07:02.258Z [INFO]: Setting dynamic upload destination. {"uploadPath":"Z:\\Project\\Web Developing\\Works\\Backend\\Activity_Tracking\\activity-tracking-backend\\uploads\\projects-projectId123\\activities-activityId456\\timesheets-timesheetId789"}
2024-10-23T19:07:02.262Z [INFO]: Generating unique filename. {"filename":"1729710422261-587908214-swsadsa"}
2024-10-23T20:26:52.339Z [INFO]: MongoDB Connected: italy-activity-shard-00-00.kk3db.mongodb.net 
2024-10-23T21:11:38.889Z [INFO]: MongoDB Connected: italy-activity-shard-00-02.kk3db.mongodb.net 
2024-10-24T11:07:29.957Z [INFO]: MongoDB Connected: italy-activity-shard-00-01.kk3db.mongodb.net 
2024-10-24T11:08:17.488Z [INFO]: MongoDB Connected: italy-activity-shard-00-02.kk3db.mongodb.net 
2024-10-24T11:30:02.352Z [ERROR]: MongoDB Connection Error: {"error":"querySrv ETIMEOUT _mongodb._tcp.italy-activity.kk3db.mongodb.net"}
2024-10-24T11:30:18.520Z [ERROR]: MongoDB Connection Error: {"error":"querySrv ETIMEOUT _mongodb._tcp.italy-activity.kk3db.mongodb.net"}
2024-10-24T12:39:17.541Z [INFO]: MongoDB Connected: italy-activity-shard-00-02.kk3db.mongodb.net 
2024-10-24T12:40:22.871Z [INFO]: MongoDB Connected: italy-activity-shard-00-01.kk3db.mongodb.net 
2024-10-24T12:42:55.634Z [INFO]: MongoDB Connected: italy-activity-shard-00-02.kk3db.mongodb.net 
2024-10-24T12:44:48.337Z [INFO]: MongoDB Connected: italy-activity-shard-00-01.kk3db.mongodb.net 
2024-10-24T12:53:47.464Z [INFO]: MongoDB Connected: italy-activity-shard-00-02.kk3db.mongodb.net 
2024-10-24T12:55:25.744Z [INFO]: MongoDB Connected: italy-activity-shard-00-01.kk3db.mongodb.net 
2024-10-24T13:00:15.796Z [INFO]: MongoDB Connected: italy-activity-shard-00-01.kk3db.mongodb.net 
2024-10-24T13:00:54.559Z [INFO]: MongoDB Connected: italy-activity-shard-00-01.kk3db.mongodb.net 
2024-10-24T13:03:35.772Z [INFO]: MongoDB Connected: italy-activity-shard-00-00.kk3db.mongodb.net 
2024-10-24T13:14:55.254Z [ERROR]: MongoDB Connection Error: {"error":"querySrv ETIMEOUT _mongodb._tcp.italy-activity.kk3db.mongodb.net"}
2024-10-24T13:18:17.681Z [ERROR]: MongoDB Connection Error: {"error":"Could not connect to any servers in your MongoDB Atlas cluster. One common reason is that you're trying to access the database from an IP that isn't whitelisted. Make sure your current IP address is on your Atlas cluster's IP whitelist: https://www.mongodb.com/docs/atlas/security-whitelist/"}
2024-10-24T13:19:09.814Z [ERROR]: MongoDB Connection Error: {"error":"Server selection timed out after 30000 ms"}
2024-10-24T13:23:13.464Z [INFO]: MongoDB Connected: italy-activity-shard-00-02.kk3db.mongodb.net 
2024-10-24T13:26:36.670Z [INFO]: MongoDB Connected: italy-activity-shard-00-00.kk3db.mongodb.net 
2024-10-24T13:28:20.255Z [INFO]: MongoDB Connected: italy-activity-shard-00-00.kk3db.mongodb.net 
2024-10-24T13:34:25.405Z [ERROR]: MongoDB Connection Error: {"error":"querySrv ETIMEOUT _mongodb._tcp.italy-activity.kk3db.mongodb.net"}
2024-10-24T13:36:37.935Z [ERROR]: MongoDB Connection Error: {"error":"Server selection timed out after 30000 ms"}
2024-10-24T13:37:51.461Z [INFO]: MongoDB Connected: italy-activity-shard-00-00.kk3db.mongodb.net 
2024-10-24T13:40:48.207Z [INFO]: MongoDB Connected: italy-activity-shard-00-01.kk3db.mongodb.net 
2024-10-24T13:44:55.522Z [INFO]: MongoDB Connected: italy-activity-shard-00-00.kk3db.mongodb.net 
2024-10-24T13:50:50.164Z [ERROR]: MongoDB Connection Error: {"error":"connection timed out"}
2024-10-24T13:51:35.330Z [ERROR]: MongoDB Connection Error: {"error":"Server selection timed out after 30000 ms"}
2024-10-24T13:59:46.469Z [ERROR]: MongoDB Connection Error: {"error":"Server selection timed out after 30000 ms"}
2024-10-24T14:00:32.942Z [ERROR]: MongoDB Connection Error: {"error":"Could not connect to any servers in your MongoDB Atlas cluster. One common reason is that you're trying to access the database from an IP that isn't whitelisted. Make sure your current IP address is on your Atlas cluster's IP whitelist: https://www.mongodb.com/docs/atlas/security-whitelist/"}
2024-10-24T14:01:15.320Z [ERROR]: MongoDB Connection Error: {"error":"Server selection timed out after 30000 ms"}
2024-10-24T14:02:21.198Z [ERROR]: MongoDB Connection Error: {"error":"Could not connect to any servers in your MongoDB Atlas cluster. One common reason is that you're trying to access the database from an IP that isn't whitelisted. Make sure your current IP address is on your Atlas cluster's IP whitelist: https://www.mongodb.com/docs/atlas/security-whitelist/"}
2024-10-24T14:05:35.440Z [INFO]: MongoDB Connected: italy-activity-shard-00-00.kk3db.mongodb.net 
2024-10-24T14:07:15.623Z [INFO]: MongoDB Connected: italy-activity-shard-00-00.kk3db.mongodb.net 
2024-10-24T16:58:27.987Z [INFO]: MongoDB Connected: italy-activity-shard-00-02.kk3db.mongodb.net 
2024-10-24T16:58:46.044Z [INFO]: Setting dynamic upload destination. {"uploadPath":"Z:\\Project\\Web Developing\\Works\\Backend\\Activity_Tracking\\activity-tracking-backend\\uploads\\projects-projectId123\\activities-activityId456\\timesheets-timesheetId789"}
2024-10-24T16:58:46.048Z [INFO]: Generating unique filename. {"filename":"1729789126047-547628915-dsvx"}
2024-10-24T16:59:59.109Z [INFO]: MongoDB Connected: italy-activity-shard-00-01.kk3db.mongodb.net 
2024-10-24T17:06:25.106Z [ERROR]: MongoDB Connection Error: {"error":"Could not connect to any servers in your MongoDB Atlas cluster. One common reason is that you're trying to access the database from an IP that isn't whitelisted. Make sure your current IP address is on your Atlas cluster's IP whitelist: https://www.mongodb.com/docs/atlas/security-whitelist/"}
2024-10-24T17:06:59.204Z [INFO]: MongoDB Connected: italy-activity-shard-00-02.kk3db.mongodb.net 
2024-10-24T17:07:42.546Z [INFO]: Setting dynamic upload destination. {"uploadPath":"Z:\\Project\\Web Developing\\Works\\Backend\\Activity_Tracking\\activity-tracking-backend\\uploads\\projects-projectId123\\activities-activityId456\\timesheets-timesheetId789"}
2024-10-24T17:07:42.548Z [INFO]: Generating unique filename. {"filename":"1729789662548-870382729-adffsdsd"}
2024-10-24T17:08:14.063Z [INFO]: Setting dynamic upload destination. {"uploadPath":"Z:\\Project\\Web Developing\\Works\\Backend\\Activity_Tracking\\activity-tracking-backend\\uploads\\projects-projectId123\\activities-activityId456\\timesheets-timesheetId789"}
2024-10-24T17:08:14.066Z [INFO]: Generating unique filename. {"filename":"1729789694065-604474446-ddddd"}
2024-10-24T17:10:19.094Z [INFO]: MongoDB Connected: italy-activity-shard-00-00.kk3db.mongodb.net 
2024-10-24T17:11:28.988Z [INFO]: MongoDB Connected: italy-activity-shard-00-01.kk3db.mongodb.net 
2024-10-24T17:11:48.541Z [INFO]: Setting dynamic upload destination. {"uploadPath":"Z:\\Project\\Web Developing\\Works\\Backend\\Activity_Tracking\\activity-tracking-backend\\uploads\\projects-projectId123\\activities-activityId456\\timesheets-timesheetId789"}
2024-10-24T17:11:48.546Z [INFO]: Generating unique filename. {"filename":"1729789908545-468145915-SCxxzc"}
2024-10-24T17:13:51.159Z [INFO]: Setting dynamic upload destination. {"uploadPath":"Z:\\Project\\Web Developing\\Works\\Backend\\Activity_Tracking\\activity-tracking-backend\\uploads\\projects-projectId123\\activities-activityId456\\timesheets-timesheetId789"}
2024-10-24T17:13:51.161Z [INFO]: Generating unique filename. {"filename":"1729790031160-376887076-xcvcvxcc"}
2024-10-24T17:18:28.554Z [INFO]: MongoDB Connected: italy-activity-shard-00-02.kk3db.mongodb.net 
2024-10-24T17:22:10.169Z [INFO]: MongoDB Connected: italy-activity-shard-00-00.kk3db.mongodb.net 
2024-10-24T17:24:43.649Z [ERROR]: MongoDB Connection Error: {"error":"Server selection timed out after 30000 ms"}
2024-10-24T17:26:09.897Z [INFO]: MongoDB Connected: italy-activity-shard-00-02.kk3db.mongodb.net 
2024-10-24T17:29:50.498Z [INFO]: Setting dynamic upload destination. {"uploadPath":"Z:\\Project\\Web Developing\\Works\\Backend\\Activity_Tracking\\activity-tracking-backend\\uploads\\projects-projectId123\\activities-activityId456\\timesheets-timesheetId789"}
2024-10-24T17:29:50.502Z [INFO]: Generating unique filename. {"filename":"1729790990501-587694072-dffdfd"}
2024-10-24T17:30:20.550Z [ERROR]: File Upload Error: {"error":"Failed to create files: connection timed out"}
2024-10-24T17:30:20.719Z [INFO]: Setting dynamic upload destination. {"uploadPath":"Z:\\Project\\Web Developing\\Works\\Backend\\Activity_Tracking\\activity-tracking-backend\\uploads\\projects-projectId123\\activities-activityId456\\timesheets-timesheetId789"}
2024-10-24T17:30:20.720Z [INFO]: Generating unique filename. {"filename":"1729791020720-738006175-dffdfd"}
2024-10-24T17:30:50.748Z [ERROR]: File Upload Error: {"error":"Failed to create files: connection timed out"}
2024-10-24T17:34:52.712Z [INFO]: Setting dynamic upload destination. {"uploadPath":"Z:\\Project\\Web Developing\\Works\\Backend\\Activity_Tracking\\activity-tracking-backend\\uploads\\projects-projectId123\\activities-activityId456\\timesheets-timesheetId789"}
2024-10-24T17:34:52.714Z [INFO]: Generating unique filename. {"filename":"1729791292714-721761414-eewe"}
2024-10-24T17:35:14.343Z [INFO]: Setting dynamic upload destination. {"uploadPath":"Z:\\Project\\Web Developing\\Works\\Backend\\Activity_Tracking\\activity-tracking-backend\\uploads\\projects-projectId123\\activities-activityId456\\timesheets-timesheetId789"}
2024-10-24T17:35:14.346Z [INFO]: Generating unique filename. {"filename":"1729791314345-525515498-YoxazVerse"}
2024-10-24T18:14:53.963Z [INFO]: MongoDB Connected: italy-activity-shard-00-02.kk3db.mongodb.net 
2024-10-24T18:27:40.982Z [INFO]: MongoDB Connected: italy-activity-shard-00-01.kk3db.mongodb.net 
2024-10-24T18:42:36.740Z [INFO]: Setting dynamic upload destination. {"uploadPath":"Z:\\Project\\Web Developing\\Works\\Backend\\Activity_Tracking\\activity-tracking-backend\\uploads\\projects-projectId123\\activities-activityId456\\timesheets-timesheetId789"}
2024-10-24T18:42:36.749Z [INFO]: Generating unique filename. {"filename":"1729795356748-171684645-kokokok"}
2024-10-24T20:11:27.858Z [INFO]: Setting dynamic upload destination. {"uploadPath":"Z:\\Project\\Web Developing\\Works\\Backend\\Activity_Tracking\\activity-tracking-backend\\uploads\\projects-projectId123\\activities-activityId456\\timesheets-timesheetId789"}
2024-10-24T20:11:27.874Z [INFO]: Generating unique filename. {"filename":"1729800687870-255993422-aaaa"}
2024-10-24T20:16:59.434Z [INFO]: Setting dynamic upload destination. {"uploadPath":"Z:\\Project\\Web Developing\\Works\\Backend\\Activity_Tracking\\activity-tracking-backend\\uploads\\projects-projectId123\\activities-activityId456\\timesheets-timesheetId789"}
2024-10-24T20:16:59.436Z [INFO]: Generating unique filename. {"filename":"1729801019435-916050137-ssssfeef"}
2024-10-24T20:19:12.773Z [INFO]: Setting dynamic upload destination. {"uploadPath":"Z:\\Project\\Web Developing\\Works\\Backend\\Activity_Tracking\\activity-tracking-backend\\uploads\\projects-projectId123\\activities-activityId456\\timesheets-timesheetId789"}
2024-10-24T20:19:12.775Z [INFO]: Generating unique filename. {"filename":"1729801152775-586532740-aereazzz"}
2024-10-25T10:24:24.890Z [ERROR]: MongoDB Connection Error: {"error":"querySrv ETIMEOUT _mongodb._tcp.italy-activity.kk3db.mongodb.net"}
2024-10-25T11:35:54.093Z [INFO]: MongoDB Connected: italy-activity-shard-00-00.kk3db.mongodb.net 
2024-10-25T17:11:25.674Z [INFO]: MongoDB Connected: italy-activity-shard-00-01.kk3db.mongodb.net 
2024-10-25T18:35:14.842Z [INFO]: Setting dynamic upload destination. {"uploadPath":"Z:\\Project\\Web Developing\\Works\\Backend\\Activity_Tracking\\activity-tracking-backend\\uploads\\projects-projectId123\\activities-activityId456\\timesheets-timesheetId789"}
2024-10-25T18:35:14.845Z [INFO]: Generating unique filename. {"filename":"1729881314845-421630197-WDSEWRGSD"}
2024-10-25T20:28:08.565Z [ERROR]: MongoDB Connection Error: {"error":"querySrv ETIMEOUT _mongodb._tcp.italy-activity.kk3db.mongodb.net"}
2024-10-25T20:31:54.610Z [INFO]: MongoDB Connected: italy-activity-shard-00-01.kk3db.mongodb.net 
2024-10-26T10:06:14.555Z [INFO]: MongoDB Connected: italy-activity-shard-00-02.kk3db.mongodb.net 
2024-10-26T13:15:32.690Z [INFO]: Setting dynamic upload destination. {"uploadPath":"Z:\\Project\\Web Developing\\Works\\Backend\\Activity_Tracking\\activity-tracking-backend\\uploads\\projects-projectId123\\activities-activityId456\\timesheets-timesheetId789"}
2024-10-26T13:15:32.692Z [INFO]: Generating unique filename. {"filename":"1729948532691-764162287-JacobAlwin"}
2024-10-26T14:41:41.462Z [INFO]: MongoDB Connected: italy-activity-shard-00-00.kk3db.mongodb.net 
2024-10-26T14:48:06.692Z [INFO]: MongoDB Connected: italy-activity-shard-00-01.kk3db.mongodb.net 
2024-10-26T14:48:06.724Z [INFO]: MongoDB Connected: italy-activity-shard-00-01.kk3db.mongodb.net 
2024-10-26T14:53:08.460Z [INFO]: MongoDB Connected: italy-activity-shard-00-02.kk3db.mongodb.net 
2024-10-26T14:53:19.908Z [INFO]: MongoDB Connected: italy-activity-shard-00-02.kk3db.mongodb.net 
2024-10-26T14:57:04.210Z [INFO]: MongoDB Connected: italy-activity-shard-00-02.kk3db.mongodb.net 
2024-10-26T14:57:04.278Z [INFO]: MongoDB Connected: italy-activity-shard-00-02.kk3db.mongodb.net 
2024-10-26T14:58:17.444Z [INFO]: MongoDB Connected: italy-activity-shard-00-02.kk3db.mongodb.net 
2024-10-26T15:03:40.593Z [INFO]: MongoDB Connected: italy-activity-shard-00-01.kk3db.mongodb.net 
2024-10-26T15:03:40.607Z [INFO]: MongoDB Connected: italy-activity-shard-00-01.kk3db.mongodb.net 
2024-10-26T15:04:56.312Z [INFO]: MongoDB Connected: italy-activity-shard-00-01.kk3db.mongodb.net 
2024-10-26T15:04:56.323Z [INFO]: MongoDB Connected: italy-activity-shard-00-01.kk3db.mongodb.net 
2024-10-26T15:05:41.048Z [INFO]: MongoDB Connected: italy-activity-shard-00-02.kk3db.mongodb.net 
2024-10-26T15:05:41.049Z [INFO]: MongoDB Connected: italy-activity-shard-00-02.kk3db.mongodb.net 
2024-10-26T15:26:01.141Z [ERROR]: MongoDB Connection Error: {"error":"querySrv ETIMEOUT _mongodb._tcp.italy-activity.kk3db.mongodb.net"}
2024-10-26T15:26:01.226Z [ERROR]: MongoDB Connection Error: {"error":"querySrv ETIMEOUT _mongodb._tcp.italy-activity.kk3db.mongodb.net"}
2024-10-26T15:26:49.326Z [ERROR]: MongoDB Connection Error: {"error":"querySrv ETIMEOUT _mongodb._tcp.italy-activity.kk3db.mongodb.net"}
2024-10-26T15:26:49.340Z [ERROR]: MongoDB Connection Error: {"error":"querySrv ETIMEOUT _mongodb._tcp.italy-activity.kk3db.mongodb.net"}
2024-10-26T15:29:03.714Z [ERROR]: MongoDB Connection Error: {"error":"querySrv ETIMEOUT _mongodb._tcp.italy-activity.kk3db.mongodb.net"}
2024-10-26T15:30:10.137Z [ERROR]: MongoDB Connection Error: {"error":"querySrv ETIMEOUT _mongodb._tcp.italy-activity.kk3db.mongodb.net"}
2024-10-26T15:30:37.404Z [ERROR]: MongoDB Connection Error: {"error":"querySrv ETIMEOUT _mongodb._tcp.italy-activity.kk3db.mongodb.net"}
2024-10-26T15:31:39.860Z [INFO]: MongoDB Connected: italy-activity-shard-00-01.kk3db.mongodb.net 
2024-10-26T15:41:07.413Z [INFO]: MongoDB Connected: italy-activity-shard-00-02.kk3db.mongodb.net 
2024-10-26T15:41:07.617Z [INFO]: MongoDB Connected: italy-activity-shard-00-02.kk3db.mongodb.net 
2024-10-26T15:42:52.921Z [INFO]: MongoDB Connected: italy-activity-shard-00-02.kk3db.mongodb.net 
2024-10-26T15:42:52.922Z [INFO]: MongoDB Connected: italy-activity-shard-00-02.kk3db.mongodb.net 
2024-10-26T15:44:42.470Z [INFO]: MongoDB Connected: italy-activity-shard-00-02.kk3db.mongodb.net 
2024-10-26T15:47:23.738Z [INFO]: MongoDB Connected: italy-activity-shard-00-02.kk3db.mongodb.net 
2024-10-26T15:47:23.738Z [INFO]: MongoDB Connected: italy-activity-shard-00-02.kk3db.mongodb.net 
2024-10-26T15:48:51.123Z [INFO]: MongoDB Connected: italy-activity-shard-00-02.kk3db.mongodb.net 
2024-10-26T15:48:51.135Z [INFO]: MongoDB Connected: italy-activity-shard-00-02.kk3db.mongodb.net 
2024-10-26T15:51:19.608Z [INFO]: MongoDB Connected: italy-activity-shard-00-00.kk3db.mongodb.net 
2024-10-26T15:51:19.607Z [INFO]: MongoDB Connected: italy-activity-shard-00-00.kk3db.mongodb.net 
2024-10-26T15:52:23.248Z [INFO]: MongoDB Connected: italy-activity-shard-00-00.kk3db.mongodb.net 
2024-10-26T15:52:23.248Z [INFO]: MongoDB Connected: italy-activity-shard-00-00.kk3db.mongodb.net 
2024-10-26T15:53:14.867Z [INFO]: MongoDB Connected: italy-activity-shard-00-01.kk3db.mongodb.net 
2024-10-26T15:53:14.877Z [INFO]: MongoDB Connected: italy-activity-shard-00-01.kk3db.mongodb.net 
2024-10-26T15:54:05.397Z [INFO]: MongoDB Connected: italy-activity-shard-00-01.kk3db.mongodb.net 
2024-10-26T15:54:05.469Z [INFO]: MongoDB Connected: italy-activity-shard-00-01.kk3db.mongodb.net 
2024-10-26T15:54:41.076Z [INFO]: MongoDB Connected: italy-activity-shard-00-01.kk3db.mongodb.net 
2024-10-26T15:54:41.081Z [INFO]: MongoDB Connected: italy-activity-shard-00-01.kk3db.mongodb.net 
2024-10-26T16:34:20.543Z [ERROR]: MongoDB Connection Error: {"error":"querySrv ETIMEOUT _mongodb._tcp.italy-activity.kk3db.mongodb.net"}
2024-10-26T16:35:30.688Z [INFO]: MongoDB Connected: italy-activity-shard-00-00.kk3db.mongodb.net 
2024-10-26T16:49:33.045Z [INFO]: MongoDB Connected: italy-activity-shard-00-01.kk3db.mongodb.net 
2024-10-26T16:49:55.895Z [INFO]: MongoDB Connected: italy-activity-shard-00-01.kk3db.mongodb.net 
2024-10-26T16:51:22.477Z [INFO]: MongoDB Connected: italy-activity-shard-00-00.kk3db.mongodb.net 
2024-10-26T16:51:22.477Z [INFO]: MongoDB Connected: italy-activity-shard-00-00.kk3db.mongodb.net 
2024-10-26T16:52:28.644Z [INFO]: MongoDB Connected: italy-activity-shard-00-00.kk3db.mongodb.net 
2024-10-26T16:52:28.675Z [INFO]: MongoDB Connected: italy-activity-shard-00-00.kk3db.mongodb.net 
2024-10-26T16:54:01.818Z [INFO]: MongoDB Connected: italy-activity-shard-00-01.kk3db.mongodb.net 
2024-10-26T16:54:01.855Z [INFO]: MongoDB Connected: italy-activity-shard-00-01.kk3db.mongodb.net 
2024-10-26T16:56:09.385Z [INFO]: MongoDB Connected: italy-activity-shard-00-00.kk3db.mongodb.net 
2024-10-26T16:56:09.385Z [INFO]: MongoDB Connected: italy-activity-shard-00-00.kk3db.mongodb.net 
2024-10-26T16:56:50.944Z [INFO]: MongoDB Connected: italy-activity-shard-00-00.kk3db.mongodb.net 
2024-10-26T16:56:50.953Z [INFO]: MongoDB Connected: italy-activity-shard-00-00.kk3db.mongodb.net 
2024-10-26T19:49:18.861Z [ERROR]: MongoDB Connection Error: {"error":"querySrv ETIMEOUT _mongodb._tcp.italy-activity.kk3db.mongodb.net"}
2024-10-26T19:51:01.228Z [INFO]: MongoDB Connected: italy-activity-shard-00-01.kk3db.mongodb.net 
2024-10-26T19:53:09.581Z [INFO]: MongoDB Connected: italy-activity-shard-00-02.kk3db.mongodb.net 
2024-10-26T19:53:09.590Z [INFO]: MongoDB Connected: italy-activity-shard-00-02.kk3db.mongodb.net 
2024-10-26T19:58:38.515Z [INFO]: MongoDB Connected: italy-activity-shard-00-02.kk3db.mongodb.net 
2024-10-26T19:58:38.520Z [INFO]: MongoDB Connected: italy-activity-shard-00-02.kk3db.mongodb.net 
2024-10-26T20:01:21.086Z [INFO]: MongoDB Connected: italy-activity-shard-00-02.kk3db.mongodb.net 
2024-10-26T20:01:21.121Z [INFO]: MongoDB Connected: italy-activity-shard-00-02.kk3db.mongodb.net 
2024-10-26T20:14:47.767Z [INFO]: MongoDB Connected: italy-activity-shard-00-02.kk3db.mongodb.net 
2024-10-26T20:14:47.804Z [INFO]: MongoDB Connected: italy-activity-shard-00-02.kk3db.mongodb.net 
2024-10-26T20:23:20.515Z [INFO]: MongoDB Connected: italy-activity-shard-00-02.kk3db.mongodb.net 
2024-10-26T20:23:20.521Z [INFO]: MongoDB Connected: italy-activity-shard-00-02.kk3db.mongodb.net 
2024-10-26T20:27:16.587Z [INFO]: MongoDB Connected: italy-activity-shard-00-02.kk3db.mongodb.net 
2024-10-26T20:27:16.592Z [INFO]: MongoDB Connected: italy-activity-shard-00-02.kk3db.mongodb.net 
2024-10-26T20:28:40.102Z [WARN]: Invalid file type attempted. {"mimetype":"image/webp"}
2024-10-26T20:28:40.280Z [WARN]: Invalid file type attempted. {"mimetype":"image/webp"}
2024-10-26T20:28:40.598Z [WARN]: Invalid file type attempted. {"mimetype":"image/webp"}
2024-10-26T20:28:41.222Z [WARN]: Invalid file type attempted. {"mimetype":"image/webp"}
2024-10-26T20:29:47.663Z [INFO]: MongoDB Connected: italy-activity-shard-00-02.kk3db.mongodb.net 
2024-10-26T20:31:06.305Z [INFO]: MongoDB Connected: italy-activity-shard-00-00.kk3db.mongodb.net 
2024-10-26T20:31:50.609Z [INFO]: MongoDB Connected: italy-activity-shard-00-00.kk3db.mongodb.net 
2024-10-26T20:31:50.663Z [INFO]: MongoDB Connected: italy-activity-shard-00-00.kk3db.mongodb.net 
2024-10-26T20:32:15.878Z [WARN]: Invalid file type attempted. {"mimetype":"image/webp"}
2024-10-26T20:32:16.059Z [WARN]: Invalid file type attempted. {"mimetype":"image/webp"}
2024-10-26T20:32:16.376Z [WARN]: Invalid file type attempted. {"mimetype":"image/webp"}
2024-10-26T20:32:16.998Z [WARN]: Invalid file type attempted. {"mimetype":"image/webp"}
2024-10-26T20:37:19.363Z [INFO]: Setting dynamic upload destination. {"uploadPath":"Z:\\Project\\Web Developing\\Works\\Backend\\Activity_Tracking\\activity-tracking-backend\\uploads\\projects-projectId123\\activities-activityId456\\timesheets-timesheetId789"}
2024-10-26T20:37:19.365Z [INFO]: Generating unique filename. {"filename":"1729975039365-775053813-JacobAlwinJoy"}
2024-10-26T20:43:22.463Z [INFO]: MongoDB Connected: italy-activity-shard-00-00.kk3db.mongodb.net 
2024-10-26T20:43:22.465Z [INFO]: MongoDB Connected: italy-activity-shard-00-00.kk3db.mongodb.net 
2024-10-26T20:52:54.946Z [INFO]: MongoDB Connected: italy-activity-shard-00-02.kk3db.mongodb.net 
2024-10-26T20:52:54.945Z [INFO]: MongoDB Connected: italy-activity-shard-00-02.kk3db.mongodb.net 
2024-10-27T04:45:59.400Z [INFO]: MongoDB Connected: italy-activity-shard-00-02.kk3db.mongodb.net 
2024-10-27T04:45:59.466Z [INFO]: MongoDB Connected: italy-activity-shard-00-02.kk3db.mongodb.net 
2024-10-27T04:51:14.594Z [INFO]: MongoDB Connected: italy-activity-shard-00-00.kk3db.mongodb.net 
2024-10-27T04:51:14.614Z [INFO]: MongoDB Connected: italy-activity-shard-00-00.kk3db.mongodb.net 
2024-10-27T04:58:46.048Z [INFO]: MongoDB Connected: italy-activity-shard-00-02.kk3db.mongodb.net 
2024-10-27T04:58:46.050Z [INFO]: MongoDB Connected: italy-activity-shard-00-02.kk3db.mongodb.net 
2024-10-27T05:00:56.955Z [INFO]: MongoDB Connected: italy-activity-shard-00-01.kk3db.mongodb.net 
2024-10-27T05:05:38.519Z [INFO]: MongoDB Connected: italy-activity-shard-00-01.kk3db.mongodb.net 
2024-10-27T05:05:38.519Z [INFO]: MongoDB Connected: italy-activity-shard-00-01.kk3db.mongodb.net 
2024-10-27T05:10:42.419Z [INFO]: MongoDB Connected: italy-activity-shard-00-01.kk3db.mongodb.net 
2024-10-27T05:10:42.422Z [INFO]: MongoDB Connected: italy-activity-shard-00-01.kk3db.mongodb.net 
2024-10-27T06:02:44.652Z [ERROR]: MongoDB Connection Error: {"error":"querySrv ETIMEOUT _mongodb._tcp.italy-activity.kk3db.mongodb.net"}
2024-10-27T06:02:44.707Z [ERROR]: MongoDB Connection Error: {"error":"querySrv ETIMEOUT _mongodb._tcp.italy-activity.kk3db.mongodb.net"}
2024-10-27T06:05:01.242Z [INFO]: MongoDB Connected: italy-activity-shard-00-02.kk3db.mongodb.net 
2024-10-27T06:09:03.846Z [INFO]: MongoDB Connected: italy-activity-shard-00-01.kk3db.mongodb.net 
2024-10-27T06:09:03.868Z [INFO]: MongoDB Connected: italy-activity-shard-00-01.kk3db.mongodb.net 
2024-10-27T06:12:23.033Z [INFO]: MongoDB Connected: italy-activity-shard-00-02.kk3db.mongodb.net 
2024-10-27T06:13:21.876Z [INFO]: MongoDB Connected: italy-activity-shard-00-01.kk3db.mongodb.net 
2024-10-27T06:13:21.883Z [INFO]: MongoDB Connected: italy-activity-shard-00-01.kk3db.mongodb.net 
2024-10-27T06:31:37.962Z [INFO]: MongoDB Connected: italy-activity-shard-00-00.kk3db.mongodb.net 
2024-10-27T06:31:38.006Z [INFO]: MongoDB Connected: italy-activity-shard-00-00.kk3db.mongodb.net 
2024-10-27T06:33:20.076Z [INFO]: MongoDB Connected: italy-activity-shard-00-01.kk3db.mongodb.net 
2024-10-27T06:33:20.100Z [INFO]: MongoDB Connected: italy-activity-shard-00-01.kk3db.mongodb.net 
2024-10-27T06:35:16.438Z [INFO]: MongoDB Connected: italy-activity-shard-00-00.kk3db.mongodb.net 
2024-10-27T06:35:16.448Z [INFO]: MongoDB Connected: italy-activity-shard-00-00.kk3db.mongodb.net 
2024-10-27T06:39:56.273Z [INFO]: MongoDB Connected: italy-activity-shard-00-00.kk3db.mongodb.net 
2024-10-27T06:39:56.292Z [INFO]: MongoDB Connected: italy-activity-shard-00-00.kk3db.mongodb.net 
2024-10-27T06:42:14.815Z [INFO]: MongoDB Connected: italy-activity-shard-00-00.kk3db.mongodb.net 
2024-10-27T06:42:14.855Z [INFO]: MongoDB Connected: italy-activity-shard-00-00.kk3db.mongodb.net 
2024-10-28T15:10:15.036Z [INFO]: MongoDB Connected: italy-activity-shard-00-00.kk3db.mongodb.net 
2024-10-28T15:10:15.063Z [INFO]: MongoDB Connected: italy-activity-shard-00-00.kk3db.mongodb.net 
2024-10-28T15:14:18.222Z [INFO]: MongoDB Connected: italy-activity-shard-00-00.kk3db.mongodb.net 
2024-10-28T15:14:18.256Z [INFO]: MongoDB Connected: italy-activity-shard-00-00.kk3db.mongodb.net 
2024-10-28T15:22:57.399Z [INFO]: MongoDB Connected: italy-activity-shard-00-02.kk3db.mongodb.net 
2024-10-28T15:22:57.443Z [INFO]: MongoDB Connected: italy-activity-shard-00-02.kk3db.mongodb.net 
2024-10-31T04:02:37.032Z [INFO]: MongoDB Connected: italy-activity-shard-00-02.kk3db.mongodb.net 
2024-10-31T09:03:56.848Z [INFO]: MongoDB Connected: italy-activity-shard-00-01.kk3db.mongodb.net 
2024-10-31T09:14:21.556Z [INFO]: MongoDB Connected: italy-activity-shard-00-00.kk3db.mongodb.net 
2024-11-01T16:46:28.138Z [INFO]: MongoDB Connected: italy-activity-shard-00-02.kk3db.mongodb.net 
2024-11-01T16:47:44.520Z [INFO]: MongoDB Connected: italy-activity-shard-00-00.kk3db.mongodb.net 
2024-11-02T05:23:27.054Z [INFO]: MongoDB Connected: italy-activity-shard-00-02.kk3db.mongodb.net 
2024-11-02T05:25:24.576Z [INFO]: MongoDB Connected: italy-activity-shard-00-01.kk3db.mongodb.net 
2024-11-02T05:25:59.208Z [INFO]: MongoDB Connected: italy-activity-shard-00-02.kk3db.mongodb.net 
2024-11-02T05:26:26.412Z [INFO]: MongoDB Connected: italy-activity-shard-00-01.kk3db.mongodb.net 
2024-11-02T05:41:34.669Z [INFO]: MongoDB Connected: italy-activity-shard-00-02.kk3db.mongodb.net 
2024-11-02T05:46:12.555Z [INFO]: MongoDB Connected: italy-activity-shard-00-02.kk3db.mongodb.net 
2024-11-02T05:46:30.833Z [INFO]: MongoDB Connected: italy-activity-shard-00-01.kk3db.mongodb.net 
2024-11-02T11:05:46.060Z [INFO]: MongoDB Connected: italy-activity-shard-00-01.kk3db.mongodb.net 
2024-11-02T11:10:48.843Z [INFO]: MongoDB Connected: italy-activity-shard-00-00.kk3db.mongodb.net 
2024-11-02T12:17:22.675Z [INFO]: MongoDB Connected: italy-activity-shard-00-02.kk3db.mongodb.net 
2024-11-02T18:22:37.522Z [INFO]: MongoDB Connected: italy-activity-shard-00-00.kk3db.mongodb.net 
2024-11-02T18:25:42.068Z [INFO]: MongoDB Connected: italy-activity-shard-00-02.kk3db.mongodb.net 
2024-11-02T18:26:15.438Z [INFO]: MongoDB Connected: italy-activity-shard-00-01.kk3db.mongodb.net 
2024-11-02T18:27:18.046Z [INFO]: MongoDB Connected: italy-activity-shard-00-02.kk3db.mongodb.net 
2024-11-02T18:27:45.011Z [INFO]: MongoDB Connected: italy-activity-shard-00-00.kk3db.mongodb.net 
2024-11-02T18:28:04.723Z [INFO]: MongoDB Connected: italy-activity-shard-00-00.kk3db.mongodb.net 
2024-11-03T04:42:38.066Z [INFO]: MongoDB Connected: italy-activity-shard-00-02.kk3db.mongodb.net 
2024-11-03T06:15:00.174Z [INFO]: MongoDB Connected: italy-activity-shard-00-02.kk3db.mongodb.net 
2024-11-03T06:16:01.436Z [INFO]: MongoDB Connected: italy-activity-shard-00-00.kk3db.mongodb.net 
2024-11-03T06:23:54.912Z [INFO]: MongoDB Connected: italy-activity-shard-00-01.kk3db.mongodb.net 
2024-11-03T07:08:05.351Z [INFO]: MongoDB Connected: italy-activity-shard-00-02.kk3db.mongodb.net 
2024-11-03T07:55:59.436Z [INFO]: Setting dynamic upload destination. {"uploadPath":"Z:\\Project\\Web Developing\\Works\\Backend\\Activity_Tracking\\activity-tracking-backend\\uploads\\projects-projectId123\\activities-activityId456\\timesheets-timesheetId789"}
2024-11-03T07:55:59.439Z [INFO]: Generating unique filename. {"filename":"1730620559438-575860171-Kottayam"}
2024-11-03T07:57:44.011Z [INFO]: MongoDB Connected: italy-activity-shard-00-01.kk3db.mongodb.net 
2024-11-03T07:57:48.972Z [INFO]: Setting dynamic upload destination. {"uploadPath":"Z:\\Project\\Web Developing\\Works\\Backend\\Activity_Tracking\\activity-tracking-backend\\uploads\\projects-projectId123\\activities-activityId456\\timesheets-timesheetId789"}
2024-11-03T07:57:48.977Z [INFO]: Generating unique filename. {"filename":"1730620668976-133954845-Kottayam"}
2024-11-03T08:00:19.346Z [INFO]: MongoDB Connected: italy-activity-shard-00-02.kk3db.mongodb.net 
2024-11-03T20:32:02.559Z [WARN]: Invalid file type attempted. {"mimetype":"text/plain"}
2024-11-03T20:32:02.763Z [WARN]: Invalid file type attempted. {"mimetype":"text/plain"}
2024-11-03T20:32:03.095Z [WARN]: Invalid file type attempted. {"mimetype":"text/plain"}
2024-11-03T20:32:03.746Z [WARN]: Invalid file type attempted. {"mimetype":"text/plain"}
2024-11-03T20:35:44.165Z [WARN]: Invalid file type attempted. {"mimetype":"text/plain"}
2024-11-03T20:35:44.372Z [WARN]: Invalid file type attempted. {"mimetype":"text/plain"}
2024-11-03T20:35:44.706Z [WARN]: Invalid file type attempted. {"mimetype":"text/plain"}
2024-11-03T20:35:45.349Z [WARN]: Invalid file type attempted. {"mimetype":"text/plain"}
2024-11-03T20:40:07.095Z [INFO]: Setting dynamic upload destination. {"uploadPath":"Z:\\Project\\Web Developing\\Works\\Backend\\Activity_Tracking\\activity-tracking-backend\\uploads\\projects-projectId123\\activities-activityId456\\timesheets-timesheetId789"}
2024-11-03T20:40:07.098Z [INFO]: Generating unique filename. {"filename":"1730666407097-645680662-Jacob"}
2024-11-03T20:41:19.788Z [INFO]: Setting dynamic upload destination. {"uploadPath":"Z:\\Project\\Web Developing\\Works\\Backend\\Activity_Tracking\\activity-tracking-backend\\uploads\\projects-projectId123\\activities-activityId456\\timesheets-timesheetId789"}
2024-11-03T20:41:19.791Z [INFO]: Generating unique filename. {"filename":"1730666479790-410291634-fdsfgfdhgjfhmngbfdfdsax"}
2024-11-03T20:41:51.651Z [WARN]: Invalid file type attempted. {"mimetype":"text/plain"}
2024-11-03T20:41:51.855Z [WARN]: Invalid file type attempted. {"mimetype":"text/plain"}
2024-11-03T20:41:52.190Z [WARN]: Invalid file type attempted. {"mimetype":"text/plain"}
2024-11-03T20:41:52.813Z [WARN]: Invalid file type attempted. {"mimetype":"text/plain"}
2024-11-03T20:42:42.298Z [INFO]: Setting dynamic upload destination. {"uploadPath":"Z:\\Project\\Web Developing\\Works\\Backend\\Activity_Tracking\\activity-tracking-backend\\uploads\\projects-projectId123\\activities-activityId456\\timesheets-timesheetId789"}
2024-11-03T20:42:42.301Z [INFO]: Generating unique filename. {"filename":"1730666562301-819693341-YoxazVerse"}
2024-11-03T20:44:50.605Z [INFO]: Setting dynamic upload destination. {"uploadPath":"Z:\\Project\\Web Developing\\Works\\Backend\\Activity_Tracking\\activity-tracking-backend\\uploads\\projects-projectId123\\activities-activityId456\\timesheets-timesheetId789"}
2024-11-03T20:44:50.607Z [INFO]: Generating unique filename. {"filename":"1730666690607-384126527-xccxcxxc"}
2024-11-03T21:11:36.861Z [INFO]: MongoDB Connected: italy-activity-shard-00-01.kk3db.mongodb.net 
2024-11-03T21:11:52.247Z [INFO]: MongoDB Connected: italy-activity-shard-00-02.kk3db.mongodb.net 
2024-11-03T21:13:59.350Z [INFO]: MongoDB Connected: italy-activity-shard-00-02.kk3db.mongodb.net 
2024-11-03T21:36:40.325Z [INFO]: MongoDB Connected: italy-activity-shard-00-00.kk3db.mongodb.net 
2024-11-03T21:42:34.607Z [INFO]: MongoDB Connected: italy-activity-shard-00-02.kk3db.mongodb.net 
2024-11-03T21:42:45.004Z [INFO]: MongoDB Connected: italy-activity-shard-00-02.kk3db.mongodb.net 
2024-11-03T21:48:54.693Z [WARN]: Invalid file type attempted. {"mimetype":"text/plain"}
2024-11-03T21:48:54.900Z [WARN]: Invalid file type attempted. {"mimetype":"text/plain"}
2024-11-03T21:48:55.232Z [WARN]: Invalid file type attempted. {"mimetype":"text/plain"}
2024-11-03T21:48:55.852Z [WARN]: Invalid file type attempted. {"mimetype":"text/plain"}
2024-11-03T21:52:18.377Z [INFO]: MongoDB Connected: italy-activity-shard-00-02.kk3db.mongodb.net 
2024-11-03T21:52:34.942Z [INFO]: MongoDB Connected: italy-activity-shard-00-00.kk3db.mongodb.net 
2024-11-03T21:53:38.481Z [INFO]: MongoDB Connected: italy-activity-shard-00-00.kk3db.mongodb.net 
2024-11-03T21:53:55.866Z [INFO]: MongoDB Connected: italy-activity-shard-00-02.kk3db.mongodb.net 
2024-11-03T21:54:03.718Z [INFO]: MongoDB Connected: italy-activity-shard-00-00.kk3db.mongodb.net 
2024-11-03T21:54:23.338Z [INFO]: MongoDB Connected: italy-activity-shard-00-00.kk3db.mongodb.net 
2024-11-03T21:55:01.762Z [INFO]: MongoDB Connected: italy-activity-shard-00-02.kk3db.mongodb.net 
2024-11-03T21:56:47.492Z [INFO]: MongoDB Connected: italy-activity-shard-00-00.kk3db.mongodb.net 
2024-11-03T21:59:46.883Z [INFO]: MongoDB Connected: italy-activity-shard-00-01.kk3db.mongodb.net 
2024-11-03T22:00:02.960Z [INFO]: MongoDB Connected: italy-activity-shard-00-02.kk3db.mongodb.net 
2024-11-03T22:01:02.321Z [INFO]: MongoDB Connected: italy-activity-shard-00-02.kk3db.mongodb.net 
2024-11-03T22:01:56.080Z [INFO]: MongoDB Connected: italy-activity-shard-00-01.kk3db.mongodb.net 
2024-11-03T22:02:30.129Z [INFO]: MongoDB Connected: italy-activity-shard-00-01.kk3db.mongodb.net 
2024-11-03T22:02:53.964Z [INFO]: MongoDB Connected: italy-activity-shard-00-02.kk3db.mongodb.net 
2024-11-03T22:03:11.592Z [INFO]: MongoDB Connected: italy-activity-shard-00-01.kk3db.mongodb.net 
2024-11-03T22:03:33.725Z [INFO]: MongoDB Connected: italy-activity-shard-00-02.kk3db.mongodb.net 
2024-11-03T22:03:59.233Z [INFO]: MongoDB Connected: italy-activity-shard-00-02.kk3db.mongodb.net 
2024-11-03T22:04:29.900Z [INFO]: MongoDB Connected: italy-activity-shard-00-00.kk3db.mongodb.net 
2024-11-03T22:04:50.713Z [INFO]: MongoDB Connected: italy-activity-shard-00-01.kk3db.mongodb.net 
2024-11-03T22:05:39.040Z [INFO]: MongoDB Connected: italy-activity-shard-00-01.kk3db.mongodb.net 
2024-11-03T22:06:07.332Z [INFO]: MongoDB Connected: italy-activity-shard-00-00.kk3db.mongodb.net 
2024-11-03T22:06:22.971Z [INFO]: MongoDB Connected: italy-activity-shard-00-01.kk3db.mongodb.net 
2024-11-03T22:06:49.345Z [INFO]: MongoDB Connected: italy-activity-shard-00-02.kk3db.mongodb.net 
2024-11-03T22:07:11.572Z [INFO]: MongoDB Connected: italy-activity-shard-00-00.kk3db.mongodb.net 
2024-11-03T22:07:26.102Z [INFO]: MongoDB Connected: italy-activity-shard-00-00.kk3db.mongodb.net 
2024-11-03T22:07:41.913Z [INFO]: MongoDB Connected: italy-activity-shard-00-01.kk3db.mongodb.net 
2024-11-03T22:08:56.286Z [INFO]: MongoDB Connected: italy-activity-shard-00-01.kk3db.mongodb.net 
2024-11-03T22:09:10.415Z [INFO]: MongoDB Connected: italy-activity-shard-00-00.kk3db.mongodb.net 
2024-11-03T22:09:28.594Z [INFO]: MongoDB Connected: italy-activity-shard-00-01.kk3db.mongodb.net 
2024-11-03T22:09:52.676Z [INFO]: MongoDB Connected: italy-activity-shard-00-01.kk3db.mongodb.net 
2024-11-04T05:36:54.017Z [INFO]: MongoDB Connected: italy-activity-shard-00-00.kk3db.mongodb.net 
2024-11-04T09:57:49.831Z [INFO]: MongoDB Connected: italy-activity-shard-00-02.kk3db.mongodb.net 
2024-11-04T09:58:40.211Z [INFO]: MongoDB Connected: italy-activity-shard-00-01.kk3db.mongodb.net 
2024-11-04T09:59:05.178Z [INFO]: MongoDB Connected: italy-activity-shard-00-01.kk3db.mongodb.net 
2024-11-04T09:59:18.631Z [INFO]: MongoDB Connected: italy-activity-shard-00-01.kk3db.mongodb.net 
2024-11-04T10:03:41.537Z [INFO]: MongoDB Connected: italy-activity-shard-00-01.kk3db.mongodb.net 
2024-11-04T10:03:49.442Z [INFO]: MongoDB Connected: italy-activity-shard-00-00.kk3db.mongodb.net 
2024-11-04T10:10:41.802Z [INFO]: MongoDB Connected: italy-activity-shard-00-01.kk3db.mongodb.net 
2024-11-04T10:12:21.591Z [INFO]: MongoDB Connected: italy-activity-shard-00-01.kk3db.mongodb.net 
2024-11-04T10:12:34.871Z [INFO]: MongoDB Connected: italy-activity-shard-00-00.kk3db.mongodb.net 
2024-11-04T10:12:50.880Z [INFO]: MongoDB Connected: italy-activity-shard-00-02.kk3db.mongodb.net 
2024-11-04T10:13:13.246Z [INFO]: MongoDB Connected: italy-activity-shard-00-01.kk3db.mongodb.net 
2024-11-04T10:13:24.699Z [INFO]: MongoDB Connected: italy-activity-shard-00-02.kk3db.mongodb.net 
2024-11-04T10:13:34.117Z [INFO]: MongoDB Connected: italy-activity-shard-00-01.kk3db.mongodb.net 
2024-11-04T10:13:46.114Z [INFO]: MongoDB Connected: italy-activity-shard-00-00.kk3db.mongodb.net 
2024-11-04T10:13:52.387Z [INFO]: MongoDB Connected: italy-activity-shard-00-00.kk3db.mongodb.net 
2024-11-04T10:14:06.381Z [INFO]: MongoDB Connected: italy-activity-shard-00-01.kk3db.mongodb.net 
2024-11-04T10:14:28.436Z [INFO]: MongoDB Connected: italy-activity-shard-00-00.kk3db.mongodb.net 
2024-11-04T10:15:03.109Z [INFO]: MongoDB Connected: italy-activity-shard-00-01.kk3db.mongodb.net 
2024-11-04T10:20:22.176Z [INFO]: MongoDB Connected: italy-activity-shard-00-01.kk3db.mongodb.net 
2024-11-04T10:21:17.800Z [INFO]: MongoDB Connected: italy-activity-shard-00-01.kk3db.mongodb.net 
2024-11-04T10:21:30.784Z [INFO]: MongoDB Connected: italy-activity-shard-00-00.kk3db.mongodb.net 
2024-11-04T10:21:38.920Z [INFO]: MongoDB Connected: italy-activity-shard-00-01.kk3db.mongodb.net 
2024-11-04T10:24:46.604Z [INFO]: MongoDB Connected: italy-activity-shard-00-00.kk3db.mongodb.net 
2024-11-04T10:25:09.233Z [INFO]: MongoDB Connected: italy-activity-shard-00-01.kk3db.mongodb.net 
2024-11-04T10:25:28.033Z [INFO]: MongoDB Connected: italy-activity-shard-00-02.kk3db.mongodb.net 
2024-11-04T10:25:47.450Z [INFO]: MongoDB Connected: italy-activity-shard-00-00.kk3db.mongodb.net 
2024-11-04T10:26:04.409Z [INFO]: MongoDB Connected: italy-activity-shard-00-01.kk3db.mongodb.net 
2024-11-04T10:26:18.503Z [INFO]: MongoDB Connected: italy-activity-shard-00-00.kk3db.mongodb.net 
2024-11-04T10:26:56.062Z [INFO]: MongoDB Connected: italy-activity-shard-00-00.kk3db.mongodb.net 
2024-11-04T10:27:04.198Z [INFO]: MongoDB Connected: italy-activity-shard-00-01.kk3db.mongodb.net 
2024-11-04T10:27:10.573Z [INFO]: MongoDB Connected: italy-activity-shard-00-01.kk3db.mongodb.net 
2024-11-04T10:27:31.059Z [INFO]: MongoDB Connected: italy-activity-shard-00-01.kk3db.mongodb.net 
2024-11-04T10:27:41.337Z [INFO]: MongoDB Connected: italy-activity-shard-00-02.kk3db.mongodb.net 
2024-11-04T10:27:53.698Z [INFO]: MongoDB Connected: italy-activity-shard-00-01.kk3db.mongodb.net 
2024-11-04T10:28:06.809Z [INFO]: MongoDB Connected: italy-activity-shard-00-01.kk3db.mongodb.net 
2024-11-04T10:28:15.972Z [INFO]: MongoDB Connected: italy-activity-shard-00-02.kk3db.mongodb.net 
2024-11-04T10:30:12.048Z [INFO]: MongoDB Connected: italy-activity-shard-00-00.kk3db.mongodb.net 
2024-11-04T10:31:09.317Z [INFO]: MongoDB Connected: italy-activity-shard-00-02.kk3db.mongodb.net 
2024-11-04T10:31:16.355Z [INFO]: MongoDB Connected: italy-activity-shard-00-02.kk3db.mongodb.net 
2024-11-04T10:31:40.611Z [INFO]: MongoDB Connected: italy-activity-shard-00-02.kk3db.mongodb.net 
2024-11-04T10:31:58.547Z [INFO]: MongoDB Connected: italy-activity-shard-00-02.kk3db.mongodb.net 
2024-11-04T10:32:06.264Z [INFO]: MongoDB Connected: italy-activity-shard-00-01.kk3db.mongodb.net 
2024-11-04T10:35:24.226Z [INFO]: MongoDB Connected: italy-activity-shard-00-02.kk3db.mongodb.net 
2024-11-04T10:35:58.788Z [INFO]: MongoDB Connected: italy-activity-shard-00-02.kk3db.mongodb.net 
2024-11-04T13:47:01.012Z [INFO]: MongoDB Connected: italy-activity-shard-00-01.kk3db.mongodb.net 
2024-11-04T13:52:13.692Z [INFO]: MongoDB Connected: italy-activity-shard-00-02.kk3db.mongodb.net 
2024-11-04T13:53:24.918Z [INFO]: MongoDB Connected: italy-activity-shard-00-01.kk3db.mongodb.net 
2024-11-04T13:55:26.400Z [INFO]: MongoDB Connected: italy-activity-shard-00-01.kk3db.mongodb.net 
2024-11-04T13:56:18.193Z [INFO]: MongoDB Connected: italy-activity-shard-00-02.kk3db.mongodb.net 
2024-11-04T14:16:41.979Z [INFO]: MongoDB Connected: italy-activity-shard-00-02.kk3db.mongodb.net 
2024-11-04T14:20:40.143Z [INFO]: MongoDB Connected: italy-activity-shard-00-00.kk3db.mongodb.net 
2024-11-04T14:24:55.006Z [INFO]: MongoDB Connected: italy-activity-shard-00-02.kk3db.mongodb.net 
2024-11-04T14:26:42.730Z [INFO]: MongoDB Connected: italy-activity-shard-00-00.kk3db.mongodb.net 
2024-11-04T14:43:40.513Z [INFO]: MongoDB Connected: italy-activity-shard-00-00.kk3db.mongodb.net 
2024-11-04T14:44:04.172Z [INFO]: MongoDB Connected: italy-activity-shard-00-02.kk3db.mongodb.net 
2024-11-04T15:13:18.777Z [INFO]: MongoDB Connected: italy-activity-shard-00-02.kk3db.mongodb.net 
2024-11-04T15:13:34.281Z [WARN]: Invalid file type attempted. {"mimetype":"text/plain"}
2024-11-04T15:13:34.466Z [WARN]: Invalid file type attempted. {"mimetype":"text/plain"}
2024-11-04T15:13:34.795Z [WARN]: Invalid file type attempted. {"mimetype":"text/plain"}
2024-11-04T15:13:35.409Z [WARN]: Invalid file type attempted. {"mimetype":"text/plain"}
2024-11-05T08:44:01.180Z [WARN]: Invalid file type attempted. {"mimetype":"text/plain"}
2024-11-05T08:44:01.356Z [WARN]: Invalid file type attempted. {"mimetype":"text/plain"}
2024-11-05T08:44:01.681Z [WARN]: Invalid file type attempted. {"mimetype":"text/plain"}
2024-11-05T08:44:02.295Z [WARN]: Invalid file type attempted. {"mimetype":"text/plain"}
2024-11-05T08:45:30.266Z [WARN]: Invalid file type attempted. {"mimetype":"text/plain"}
2024-11-05T08:45:30.438Z [WARN]: Invalid file type attempted. {"mimetype":"text/plain"}
2024-11-05T08:45:30.764Z [WARN]: Invalid file type attempted. {"mimetype":"text/plain"}
2024-11-05T08:45:31.387Z [WARN]: Invalid file type attempted. {"mimetype":"text/plain"}
2024-11-05T08:46:48.942Z [INFO]: Setting dynamic upload destination. {"uploadPath":"Z:\\Project\\Web Developing\\Works\\Backend\\Activity_Tracking\\activity-tracking-backend\\uploads\\projects-projectId123\\activities-activityId456\\timesheets-timesheetId789"}
2024-11-05T08:46:48.944Z [INFO]: Generating unique filename. {"filename":"1730796408944-155596130-fdxcvc"}
2024-11-06T17:38:44.540Z [ERROR]: MongoDB Connection Error: {"error":"querySrv ETIMEOUT _mongodb._tcp.italy-activity.kk3db.mongodb.net"}
2024-11-12T03:20:36.550Z [INFO]: MongoDB Connected: italy-activity-shard-00-02.kk3db.mongodb.net 
2024-11-12T03:28:45.816Z [INFO]: MongoDB Connected: italy-activity-shard-00-01.kk3db.mongodb.net 
2024-11-12T04:17:47.060Z [INFO]: Setting dynamic upload destination. {"uploadPath":"Z:\\Project\\Web Developing\\Works\\Backend\\Activity_Tracking\\activity-tracking-backend\\uploads\\projects-projectId123\\activities-activityId456\\timesheets-timesheetId789"}
2024-11-12T04:17:47.062Z [INFO]: Generating unique filename. {"filename":"1731385067061-297418624-wwww"}
2024-11-12T04:21:06.890Z [INFO]: Setting dynamic upload destination. {"uploadPath":"Z:\\Project\\Web Developing\\Works\\Backend\\Activity_Tracking\\activity-tracking-backend\\uploads\\projects-projectId123\\activities-activityId456\\timesheets-timesheetId789"}
2024-11-12T04:21:06.894Z [INFO]: Generating unique filename. {"filename":"1731385266893-61790619-YoxazVerse"}
2024-11-14T17:46:49.679Z [INFO]: MongoDB Connected: italy-activity-shard-00-02.kk3db.mongodb.net 
2024-11-14T18:12:56.059Z [INFO]: MongoDB Connected: italy-activity-shard-00-01.kk3db.mongodb.net 
2024-11-14T18:13:57.899Z [INFO]: MongoDB Connected: italy-activity-shard-00-02.kk3db.mongodb.net 
2024-11-14T18:23:02.497Z [INFO]: MongoDB Connected: italy-activity-shard-00-02.kk3db.mongodb.net 
2024-11-14T18:27:57.405Z [INFO]: MongoDB Connected: italy-activity-shard-00-02.kk3db.mongodb.net 
2024-11-14T18:31:14.675Z [INFO]: MongoDB Connected: italy-activity-shard-00-02.kk3db.mongodb.net 
2024-11-14T18:32:19.023Z [INFO]: MongoDB Connected: italy-activity-shard-00-01.kk3db.mongodb.net 
2024-11-14T18:33:30.033Z [INFO]: MongoDB Connected: italy-activity-shard-00-01.kk3db.mongodb.net 
2024-11-14T18:43:21.501Z [INFO]: MongoDB Connected: italy-activity-shard-00-02.kk3db.mongodb.net 
2024-11-14T18:44:42.746Z [INFO]: Setting dynamic upload destination. {"uploadPath":"Z:\\Project\\Web Developing\\Works\\Backend\\Activity_Tracking\\activity-tracking-backend\\uploads\\projects-projectId123\\activities-activityId456\\timesheets-timesheetId789"}
2024-11-14T18:44:42.750Z [INFO]: Generating unique filename. {"filename":"1731609882749-132071038-JacobAlwinJoy"}
2024-11-14T18:53:22.160Z [INFO]: MongoDB Connected: italy-activity-shard-00-02.kk3db.mongodb.net 
2024-11-14T18:53:33.551Z [INFO]: Setting dynamic upload destination. {"uploadPath":"Z:\\Project\\Web Developing\\Works\\Backend\\Activity_Tracking\\activity-tracking-backend\\uploads\\projects-projectId123\\activities-activityId456\\timesheets-timesheetId789"}
2024-11-14T18:53:33.557Z [INFO]: Generating unique filename. {"filename":"1731610413556-15187399-JacobAlwinJoy"}
2024-11-14T18:59:26.308Z [INFO]: MongoDB Connected: italy-activity-shard-00-00.kk3db.mongodb.net 
2024-11-14T19:00:12.009Z [INFO]: MongoDB Connected: italy-activity-shard-00-00.kk3db.mongodb.net 
2024-11-14T19:00:22.896Z [INFO]: MongoDB Connected: italy-activity-shard-00-00.kk3db.mongodb.net 
2024-11-14T19:05:06.192Z [INFO]: MongoDB Connected: italy-activity-shard-00-00.kk3db.mongodb.net 
2024-11-14T19:06:15.373Z [INFO]: MongoDB Connected: italy-activity-shard-00-01.kk3db.mongodb.net 
2024-11-14T19:06:47.077Z [INFO]: MongoDB Connected: italy-activity-shard-00-00.kk3db.mongodb.net 
2024-11-14T19:09:15.674Z [INFO]: MongoDB Connected: italy-activity-shard-00-02.kk3db.mongodb.net 
2024-11-14T19:10:42.713Z [INFO]: MongoDB Connected: italy-activity-shard-00-00.kk3db.mongodb.net 
2024-11-14T20:10:08.198Z [INFO]: MongoDB Connected: italy-activity-shard-00-01.kk3db.mongodb.net 
